<?xml version="1.0" encoding="UTF-8"?>
<!-- Generated by org.testng.reporters.JUnitReportReporter -->
<testsuite hostname="DESKTOP-VMLHRIN" failures="0" tests="5" name="com.juaracoding.tesng.ujiandua.TestAccount" time="0.050" errors="0" timestamp="2022-10-09T07:00:17 WIB" skipped="0">
  <testcase classname="com.juaracoding.tesng.ujiandua.TestAccount" name="testCheckBalance" time="0.004"/>
  <system-out/>
  <testcase classname="com.juaracoding.tesng.ujiandua.TestAccount" name="testDeposit" time="0.008"/>
  <system-out/>
  <testcase classname="com.juaracoding.tesng.ujiandua.TestAccount" name="testWithdraw" time="0.002"/>
  <system-out/>
  <testcase classname="com.juaracoding.tesng.ujiandua.TestAccount" name="testInsert" time="0.007"/>
  <system-out/>
  <testcase classname="com.juaracoding.tesng.ujiandua.TestAccount" name="testDisplay" time="0.029"/>
  <system-out/>
</testsuite> <!-- com.juaracoding.tesng.ujiandua.TestAccount -->
